<?xml version="1.0" encoding="UTF-8"?>
<!-- Generated by org.testng.reporters.JUnitXMLReporter -->
<testsuite hostname="SHI58495EU1506F" name="Test" tests="6" failures="0" timestamp="28 Dec 2018 09:54:34 GMT" time="0.06" errors="0">
  <testcase name="NativeAppAndroid" time="0.022" classname="testpackage.Mavenjava.AppiumTest"/>
  <testcase name="iOSApp" time="0.0" classname="testpackage.Mavenjava.AppiumTest"/>
  <testcase name="BrowserAutomation" time="0.0" classname="testpackage.Mavenjava.SeleniumTest"/>
  <testcase name="elementsUI" time="0.0" classname="testpackage.Mavenjava.SeleniumTest"/>
  <testcase name="deleteTwitter" time="0.0" classname="testpackage.Mavenjava.RestAPITest"/>
  <testcase name="postJira" time="0.0" classname="testpackage.Mavenjava.RestAPITest"/>
</testsuite> <!-- Test -->
