<?xml version="1.0" encoding="UTF-8"?>
<!-- Generated by org.testng.reporters.JUnitXMLReporter -->
<testsuite hostname="SHI58495EU1506F" name="Test" tests="6" failures="0" timestamp="26 Dec 2018 13:44:44 GMT" time="0.05" errors="0">
  <testcase name="NativeAppAndroid" time="0.017" classname="testpackage.Mavenjava.AppiumTest"/>
  <testcase name="iOSApp" time="0.0" classname="testpackage.Mavenjava.AppiumTest"/>
  <testcase name="BrowserAutomation" time="0.0" classname="testpackage.Mavenjava.SeleniumTest"/>
  <testcase name="elementsUI" time="0.0" classname="testpackage.Mavenjava.SeleniumTest"/>
  <testcase name="deleteTwitter" time="0.001" classname="testpackage.Mavenjava.RestAPITest"/>
  <testcase name="postJira" time="0.0" classname="testpackage.Mavenjava.RestAPITest"/>
</testsuite> <!-- Test -->
