<?xml version="1.0" encoding="UTF-8"?>
<testsuite xmlns:xsi="http://www.w3.org/2001/XMLSchema-instance" xsi:noNamespaceSchemaLocation="https://maven.apache.org/surefire/maven-surefire-plugin/xsd/surefire-test-report.xsd" name="TestSuite" time="1.528" tests="6" errors="0" skipped="0" failures="0">
  <properties>
[...]
</properties>
  <testcase name="NativeAppAndroid" classname="testpackage.Mavenjava.AppiumTest" time="0.017"/>
  <testcase name="iOSApp" classname="testpackage.Mavenjava.AppiumTest" time="0.002"/>
  <testcase name="BrowserAutomation" classname="testpackage.Mavenjava.SeleniumTest" time="0.001"/>
  <testcase name="elementsUI" classname="testpackage.Mavenjava.SeleniumTest" time="0.002"/>
  <testcase name="deleteTwitter" classname="testpackage.Mavenjava.RestAPITest" time="0.002"/>
  <testcase name="postJira" classname="testpackage.Mavenjava.RestAPITest" time="0.002"/>
</testsuite>